<?xml version="1.0" encoding="UTF-8"?>
<testsuite name="org.mitre.tdp.boogie.conformance.scorers.impl.TestWeightFunctions" tests="2" skipped="0" failures="0" errors="0" timestamp="2020-04-29T01:21:30" hostname="MM252527-PC" time="0.002">
  <properties/>
  <testcase name="testLogisticScoringHiLo()" classname="org.mitre.tdp.boogie.conformance.scorers.impl.TestWeightFunctions" time="0.0"/>
  <testcase name="testLogisticScoringLoHi()" classname="org.mitre.tdp.boogie.conformance.scorers.impl.TestWeightFunctions" time="0.001"/>
  <system-out><![CDATA[]]></system-out>
  <system-err><![CDATA[]]></system-err>
</testsuite>
