<?xml version="1.0" encoding="UTF-8"?>
<testsuite name="org.mitre.tdp.boogie.conformance.scorers.impl.TestAFScorer" tests="10" skipped="0" failures="0" errors="0" timestamp="2020-04-29T01:21:30" hostname="MM252527-PC" time="0.068">
  <properties/>
  <testcase name="testAFInBoundaryOnArcScoreHigh()" classname="org.mitre.tdp.boogie.conformance.scorers.impl.TestAFScorer" time="0.012"/>
  <testcase name="testFailOnMissingRho()" classname="org.mitre.tdp.boogie.conformance.scorers.impl.TestAFScorer" time="0.004"/>
  <testcase name="testAFInBoundaryOffset2NMScoreLow()" classname="org.mitre.tdp.boogie.conformance.scorers.impl.TestAFScorer" time="0.007"/>
  <testcase name="testFailOnMissingTheta()" classname="org.mitre.tdp.boogie.conformance.scorers.impl.TestAFScorer" time="0.004"/>
  <testcase name="testAFPreBoundaryRadialScore()" classname="org.mitre.tdp.boogie.conformance.scorers.impl.TestAFScorer" time="0.005"/>
  <testcase name="testAFMagneticConversionMovesCourseToOutsideRadialsScore()" classname="org.mitre.tdp.boogie.conformance.scorers.impl.TestAFScorer" time="0.004"/>
  <testcase name="testFailOnMissingRecommendedNavaid()" classname="org.mitre.tdp.boogie.conformance.scorers.impl.TestAFScorer" time="0.003"/>
  <testcase name="testAFInBoundaryOffset1NMScoreModerate()" classname="org.mitre.tdp.boogie.conformance.scorers.impl.TestAFScorer" time="0.009"/>
  <testcase name="testFailOnMissingOutboundCourse()" classname="org.mitre.tdp.boogie.conformance.scorers.impl.TestAFScorer" time="0.004"/>
  <testcase name="testAFPastTerminatorScore()" classname="org.mitre.tdp.boogie.conformance.scorers.impl.TestAFScorer" time="0.008"/>
  <system-out><![CDATA[]]></system-out>
  <system-err><![CDATA[]]></system-err>
</testsuite>
