<?xml version="1.0" encoding="UTF-8"?>
<testsuite name="org.mitre.tdp.boogie.conformance.scorers.impl.TestDFScorer" tests="2" skipped="0" failures="0" errors="0" timestamp="2020-04-29T01:21:30" hostname="MM252527-PC" time="0.72">
  <properties/>
  <testcase name="test15nmOnCourseScore()" classname="org.mitre.tdp.boogie.conformance.scorers.impl.TestDFScorer" time="0.716"/>
  <testcase name="testFailPointWithNoCourse()" classname="org.mitre.tdp.boogie.conformance.scorers.impl.TestDFScorer" time="0.003"/>
  <system-out><![CDATA[]]></system-out>
  <system-err><![CDATA[]]></system-err>
</testsuite>
