<?xml version="1.0" encoding="UTF-8"?>
<testsuite name="org.mitre.tdp.boogie.conformance.alg.TestDynamicProgrammer" tests="3" skipped="0" failures="0" errors="0" timestamp="2020-04-29T01:21:30" hostname="MM252527-PC" time="0.018">
  <properties/>
  <testcase name="testMax()" classname="org.mitre.tdp.boogie.conformance.alg.TestDynamicProgrammer" time="0.012"/>
  <testcase name="testMin()" classname="org.mitre.tdp.boogie.conformance.alg.TestDynamicProgrammer" time="0.002"/>
  <testcase name="testForwardMinMax()" classname="org.mitre.tdp.boogie.conformance.alg.TestDynamicProgrammer" time="0.003"/>
  <system-out><![CDATA[]]></system-out>
  <system-err><![CDATA[]]></system-err>
</testsuite>
