<?xml version="1.0" encoding="UTF-8"?>
<testsuite name="org.mitre.tdp.boogie.TestMagneticVariation" tests="4" skipped="0" failures="0" errors="0" timestamp="2020-04-29T01:21:30" hostname="MM252527-PC" time="0.455">
  <properties/>
  <testcase name="testTrueToMagneticModeled()" classname="org.mitre.tdp.boogie.TestMagneticVariation" time="0.447"/>
  <testcase name="testMagneticToTruePublished()" classname="org.mitre.tdp.boogie.TestMagneticVariation" time="0.002"/>
  <testcase name="testTrueToMagneticPublished()" classname="org.mitre.tdp.boogie.TestMagneticVariation" time="0.001"/>
  <testcase name="testMagneticToTrueModeled()" classname="org.mitre.tdp.boogie.TestMagneticVariation" time="0.002"/>
  <system-out><![CDATA[]]></system-out>
  <system-err><![CDATA[]]></system-err>
</testsuite>
