<?xml version="1.0" encoding="UTF-8"?>
<testsuite name="org.mitre.tdp.boogie.util.TestCombinatorics" tests="1" skipped="0" failures="0" errors="0" timestamp="2020-04-29T01:21:30" hostname="MM252527-PC" time="0.02">
  <properties/>
  <testcase name="testPairwiseCombos()" classname="org.mitre.tdp.boogie.util.TestCombinatorics" time="0.02"/>
  <system-out><![CDATA[]]></system-out>
  <system-err><![CDATA[]]></system-err>
</testsuite>
