<?xml version="1.0" encoding="UTF-8"?>
<testsuite name="org.mitre.tdp.boogie.util.TestCoordinateParser" tests="5" skipped="0" failures="0" errors="0" timestamp="2020-04-29T01:21:30" hostname="MM252527-PC" time="0.016">
  <properties/>
  <testcase name="testParseDecimalDegrees()" classname="org.mitre.tdp.boogie.util.TestCoordinateParser" time="0.006"/>
  <testcase name="testParse()" classname="org.mitre.tdp.boogie.util.TestCoordinateParser" time="0.002"/>
  <testcase name="testParseDegreesMinutesSeconds()" classname="org.mitre.tdp.boogie.util.TestCoordinateParser" time="0.002"/>
  <testcase name="testReformatLonCoordinate()" classname="org.mitre.tdp.boogie.util.TestCoordinateParser" time="0.002"/>
  <testcase name="testReformatLatCoordinate()" classname="org.mitre.tdp.boogie.util.TestCoordinateParser" time="0.001"/>
  <system-out><![CDATA[]]></system-out>
  <system-err><![CDATA[]]></system-err>
</testsuite>
