<?xml version="1.0" encoding="UTF-8"?>
<testsuite name="org.mitre.tdp.boogie.util.TestDeclinations" tests="4" skipped="0" failures="0" errors="0" timestamp="2020-04-29T01:21:29" hostname="MM252527-PC" time="0.117">
  <properties/>
  <testcase name="test003AT_WPT()" classname="org.mitre.tdp.boogie.util.TestDeclinations" time="0.106"/>
  <testcase name="testRIC_DME()" classname="org.mitre.tdp.boogie.util.TestDeclinations" time="0.003"/>
  <testcase name="testZAPPA_WPT()" classname="org.mitre.tdp.boogie.util.TestDeclinations" time="0.002"/>
  <testcase name="testABH_DME()" classname="org.mitre.tdp.boogie.util.TestDeclinations" time="0.002"/>
  <system-out><![CDATA[]]></system-out>
  <system-err><![CDATA[log4j:WARN No appenders could be found for logger (org.mitre.tdp.boogie.util.Geomagnetics).
log4j:WARN Please initialize the log4j system properly.
log4j:WARN See http://logging.apache.org/log4j/1.2/faq.html#noconfig for more info.
]]></system-err>
</testsuite>
