<?xml version="1.0" encoding="UTF-8"?>
<testsuite name="org.mitre.tdp.boogie.alg.resolve.TestSectionHeuristics" tests="5" skipped="0" failures="0" errors="0" timestamp="2020-04-29T01:21:31" hostname="MM252527-PC" time="0.005">
  <properties/>
  <testcase name="testLatLonMatching()" classname="org.mitre.tdp.boogie.alg.resolve.TestSectionHeuristics" time="0.001"/>
  <testcase name="testAirportMatching()" classname="org.mitre.tdp.boogie.alg.resolve.TestSectionHeuristics" time="0.0"/>
  <testcase name="testTailoredMatching()" classname="org.mitre.tdp.boogie.alg.resolve.TestSectionHeuristics" time="0.0"/>
  <testcase name="testWaypointMatching()" classname="org.mitre.tdp.boogie.alg.resolve.TestSectionHeuristics" time="0.0"/>
  <testcase name="testAirwayMatching()" classname="org.mitre.tdp.boogie.alg.resolve.TestSectionHeuristics" time="0.0"/>
  <system-out><![CDATA[]]></system-out>
  <system-err><![CDATA[]]></system-err>
</testsuite>
