<?xml version="1.0" encoding="UTF-8"?>
<testsuite name="org.mitre.tdp.boogie.util.TestCollections" tests="4" skipped="0" failures="0" errors="0" timestamp="2020-04-29T01:21:30" hostname="MM252527-PC" time="0.033">
  <properties/>
  <testcase name="testSortSavesSameElements()" classname="org.mitre.tdp.boogie.util.TestCollections" time="0.016"/>
  <testcase name="testZipByKeyAllOverlap()" classname="org.mitre.tdp.boogie.util.TestCollections" time="0.013"/>
  <testcase name="testZipByKeySomeMissing()" classname="org.mitre.tdp.boogie.util.TestCollections" time="0.001"/>
  <testcase name="testSortSorts()" classname="org.mitre.tdp.boogie.util.TestCollections" time="0.001"/>
  <system-out><![CDATA[]]></system-out>
  <system-err><![CDATA[]]></system-err>
</testsuite>
