<?xml version="1.0" encoding="UTF-8"?>
<testsuite name="org.mitre.tdp.boogie.alg.TestRouteExpander" tests="10" skipped="0" failures="0" errors="0" timestamp="2020-04-29T01:21:31" hostname="MM252527-PC" time="0.252">
  <properties/>
  <testcase name="testALF()" classname="org.mitre.tdp.boogie.alg.TestRouteExpander" time="0.002"/>
  <testcase name="testAPF()" classname="org.mitre.tdp.boogie.alg.TestRouteExpander" time="0.05"/>
  <testcase name="testATF()" classname="org.mitre.tdp.boogie.alg.TestRouteExpander" time="0.027"/>
  <testcase name="testFAF()" classname="org.mitre.tdp.boogie.alg.TestRouteExpander" time="0.02"/>
  <testcase name="testFLF()" classname="org.mitre.tdp.boogie.alg.TestRouteExpander" time="0.002"/>
  <testcase name="testFPA()" classname="org.mitre.tdp.boogie.alg.TestRouteExpander" time="0.063"/>
  <testcase name="testFTF()" classname="org.mitre.tdp.boogie.alg.TestRouteExpander" time="0.005"/>
  <testcase name="testFAFReverse()" classname="org.mitre.tdp.boogie.alg.TestRouteExpander" time="0.019"/>
  <testcase name="testFWFWFRepeatedAirway()" classname="org.mitre.tdp.boogie.alg.TestRouteExpander" time="0.026"/>
  <testcase name="testFPA_NoProcedureMatch()" classname="org.mitre.tdp.boogie.alg.TestRouteExpander" time="0.037"/>
  <system-out><![CDATA[]]></system-out>
  <system-err><![CDATA[log4j:WARN No appenders could be found for logger (org.mitre.tdp.boogie.util.Geomagnetics).
log4j:WARN Please initialize the log4j system properly.
log4j:WARN See http://logging.apache.org/log4j/1.2/faq.html#noconfig for more info.
]]></system-err>
</testsuite>
