<?xml version="1.0" encoding="UTF-8"?>
<testsuite name="org.mitre.tdp.boogie.alg.resolve.TestResolvedRoute" tests="3" skipped="0" failures="0" errors="0" timestamp="2020-04-29T01:21:31" hostname="MM252527-PC" time="0.009">
  <properties/>
  <testcase name="testResolvedRouteInsertSorted()" classname="org.mitre.tdp.boogie.alg.resolve.TestResolvedRoute" time="0.007"/>
  <testcase name="testResolvedRouteSortedByIndex()" classname="org.mitre.tdp.boogie.alg.resolve.TestResolvedRoute" time="0.0"/>
  <testcase name="testSectionAtOutOfBounds()" classname="org.mitre.tdp.boogie.alg.resolve.TestResolvedRoute" time="0.001"/>
  <system-out><![CDATA[]]></system-out>
  <system-err><![CDATA[]]></system-err>
</testsuite>
