<?xml version="1.0" encoding="UTF-8"?>
<testsuite name="org.mitre.tdp.boogie.alg.approach.impl.TestAllApproachPredictor" tests="1" skipped="0" failures="0" errors="0" timestamp="2020-04-29T01:21:31" hostname="MM252527-PC" time="0.108">
  <properties/>
  <testcase name="testReturnsAllApproaches()" classname="org.mitre.tdp.boogie.alg.approach.impl.TestAllApproachPredictor" time="0.108"/>
  <system-out><![CDATA[]]></system-out>
  <system-err><![CDATA[]]></system-err>
</testsuite>
