<?xml version="1.0" encoding="UTF-8"?>
<testsuite name="org.mitre.tdp.boogie.alg.graph.TestProcedureGraph" tests="10" skipped="0" failures="0" errors="0" timestamp="2020-04-29T01:21:31" hostname="MM252527-PC" time="0.196">
  <properties/>
  <testcase name="testNoBackPath()" classname="org.mitre.tdp.boogie.alg.graph.TestProcedureGraph" time="0.013"/>
  <testcase name="testHOBTT2Connections()" classname="org.mitre.tdp.boogie.alg.graph.TestProcedureGraph" time="0.068"/>
  <testcase name="testSplitGraphPathBetweenTransitions()" classname="org.mitre.tdp.boogie.alg.graph.TestProcedureGraph" time="0.004"/>
  <testcase name="testNominalPathAAA_DDD()" classname="org.mitre.tdp.boogie.alg.graph.TestProcedureGraph" time="0.012"/>
  <testcase name="testNominalPathAAA_EEE()" classname="org.mitre.tdp.boogie.alg.graph.TestProcedureGraph" time="0.022"/>
  <testcase name="testCONNR5Connections()" classname="org.mitre.tdp.boogie.alg.graph.TestProcedureGraph" time="0.054"/>
  <testcase name="assertNominalGraphConnected()" classname="org.mitre.tdp.boogie.alg.graph.TestProcedureGraph" time="0.008"/>
  <testcase name="testSingleLegSingleTransition()" classname="org.mitre.tdp.boogie.alg.graph.TestProcedureGraph" time="0.002"/>
  <testcase name="assertSplitGraphDisconnected()" classname="org.mitre.tdp.boogie.alg.graph.TestProcedureGraph" time="0.004"/>
  <testcase name="testSplitGraphPathWithinTransitions()" classname="org.mitre.tdp.boogie.alg.graph.TestProcedureGraph" time="0.005"/>
  <system-out><![CDATA[]]></system-out>
  <system-err><![CDATA[]]></system-err>
</testsuite>
