<?xml version="1.0" encoding="UTF-8"?>
<testsuite name="org.mitre.tdp.boogie.alg.approach.TestApproachPredictor" tests="2" skipped="0" failures="0" errors="0" timestamp="2020-04-29T01:21:31" hostname="MM252527-PC" time="0.002">
  <properties/>
  <testcase name="testSectionIndexModification()" classname="org.mitre.tdp.boogie.alg.approach.TestApproachPredictor" time="0.001"/>
  <testcase name="testFilteringNonProcedureElements()" classname="org.mitre.tdp.boogie.alg.approach.TestApproachPredictor" time="0.001"/>
  <system-out><![CDATA[]]></system-out>
  <system-err><![CDATA[]]></system-err>
</testsuite>
