<?xml version="1.0" encoding="UTF-8"?>
<testsuite name="org.mitre.tdp.boogie.alg.split.TestSectionSplitter" tests="5" skipped="0" failures="0" errors="0" timestamp="2020-04-29T01:21:31" hostname="MM252527-PC" time="0.009">
  <properties/>
  <testcase name="testRoute0_0()" classname="org.mitre.tdp.boogie.alg.split.TestSectionSplitter" time="0.002"/>
  <testcase name="testRoute0_1()" classname="org.mitre.tdp.boogie.alg.split.TestSectionSplitter" time="0.001"/>
  <testcase name="testRoute1_0()" classname="org.mitre.tdp.boogie.alg.split.TestSectionSplitter" time="0.001"/>
  <testcase name="testRoute2_0()" classname="org.mitre.tdp.boogie.alg.split.TestSectionSplitter" time="0.001"/>
  <testcase name="testRoute3_0()" classname="org.mitre.tdp.boogie.alg.split.TestSectionSplitter" time="0.001"/>
  <system-out><![CDATA[]]></system-out>
  <system-err><![CDATA[]]></system-err>
</testsuite>
