<?xml version="1.0" encoding="UTF-8"?>
<testsuite name="org.mitre.tdp.boogie.alg.graph.TestLegGraph" tests="2" skipped="0" failures="0" errors="0" timestamp="2020-04-29T01:21:31" hostname="MM252527-PC" time="0.023">
  <properties/>
  <testcase name="testConnectedSubsets()" classname="org.mitre.tdp.boogie.alg.graph.TestLegGraph" time="0.01"/>
  <testcase name="testShortestPath()" classname="org.mitre.tdp.boogie.alg.graph.TestLegGraph" time="0.012"/>
  <system-out><![CDATA[]]></system-out>
  <system-err><![CDATA[]]></system-err>
</testsuite>
